This file contains any messages produced by compilers while
running configure, to aid debugging if configure makes a mistake.

It was created by EXIF library configure 0.6.18, which was
generated by GNU Autoconf 2.63.  Invocation command line was

  $ ./configure CFLAGS=-g -O0 --disable-static --prefix=/home/user/m/exif/github_libexif/install

## --------- ##
## Platform. ##
## --------- ##

hostname = ubuntubox
uname -m = x86_64
uname -r = 3.19.0-49-generic
uname -s = Linux
uname -v = #55~14.04.1-Ubuntu SMP Fri Jan 22 11:24:31 UTC 2016

/usr/bin/uname -p = unknown
/bin/uname -X     = unknown

/bin/arch              = unknown
/usr/bin/arch -k       = unknown
/usr/convex/getsysinfo = unknown
/usr/bin/hostinfo      = unknown
/bin/machine           = unknown
/usr/bin/oslevel       = unknown
/bin/universe          = unknown

PATH: /home/tis/1.22.1/opam/4.02.3/bin
PATH: /home/tis/1.22.1/bin
PATH: /usr/local/sbin
PATH: /usr/local/bin
PATH: /usr/sbin
PATH: /usr/bin
PATH: /sbin
PATH: /bin
PATH: /usr/games
PATH: /usr/local/games


## ----------- ##
## Core tests. ##
## ----------- ##

configure:2130: checking for a BSD-compatible install
configure:2198: result: /usr/bin/install -c
configure:2209: checking whether build environment is sane
configure:2252: result: yes
configure:2277: checking for a thread-safe mkdir -p
configure:2316: result: /bin/mkdir -p
configure:2329: checking for gawk
configure:2359: result: no
configure:2329: checking for mawk
configure:2345: found /usr/bin/mawk
configure:2356: result: mawk
configure:2367: checking whether make sets $(MAKE)
configure:2389: result: yes
configure:2573: checking whether to enable maintainer-specific portions of Makefiles
configure:2582: result: no
configure:2633: checking for POSIX sh $() command substitution
configure:2637: result: yes
configure:2762: checking for gcc
configure:2778: found /usr/bin/gcc
configure:2789: result: gcc
configure:3021: checking for C compiler version
configure:3029: gcc --version >&5
gcc (Ubuntu 4.8.4-2ubuntu1~14.04.1) 4.8.4
Copyright (C) 2013 Free Software Foundation, Inc.
This is free software; see the source for copying conditions.  There is NO
warranty; not even for MERCHANTABILITY or FITNESS FOR A PARTICULAR PURPOSE.

configure:3033: $? = 0
configure:3040: gcc -v >&5
Using built-in specs.
COLLECT_GCC=gcc
COLLECT_LTO_WRAPPER=/usr/lib/gcc/x86_64-linux-gnu/4.8/lto-wrapper
Target: x86_64-linux-gnu
Configured with: ../src/configure -v --with-pkgversion='Ubuntu 4.8.4-2ubuntu1~14.04.1' --with-bugurl=file:///usr/share/doc/gcc-4.8/README.Bugs --enable-languages=c,c++,java,go,d,fortran,objc,obj-c++ --prefix=/usr --program-suffix=-4.8 --enable-shared --enable-linker-build-id --libexecdir=/usr/lib --without-included-gettext --enable-threads=posix --with-gxx-include-dir=/usr/include/c++/4.8 --libdir=/usr/lib --enable-nls --with-sysroot=/ --enable-clocale=gnu --enable-libstdcxx-debug --enable-libstdcxx-time=yes --enable-gnu-unique-object --disable-libmudflap --enable-plugin --with-system-zlib --disable-browser-plugin --enable-java-awt=gtk --enable-gtk-cairo --with-java-home=/usr/lib/jvm/java-1.5.0-gcj-4.8-amd64/jre --enable-java-home --with-jvm-root-dir=/usr/lib/jvm/java-1.5.0-gcj-4.8-amd64 --with-jvm-jar-dir=/usr/lib/jvm-exports/java-1.5.0-gcj-4.8-amd64 --with-arch-directory=amd64 --with-ecj-jar=/usr/share/java/eclipse-ecj.jar --enable-objc-gc --enable-multiarch --disable-werror --with-arch-32=i686 --with-abi=m64 --with-multilib-list=m32,m64,mx32 --with-tune=generic --enable-checking=release --build=x86_64-linux-gnu --host=x86_64-linux-gnu --target=x86_64-linux-gnu
Thread model: posix
gcc version 4.8.4 (Ubuntu 4.8.4-2ubuntu1~14.04.1) 
configure:3044: $? = 0
configure:3051: gcc -V >&5
gcc: error: unrecognized command line option '-V'
gcc: fatal error: no input files
compilation terminated.
configure:3055: $? = 4
configure:3078: checking for C compiler default output file name
configure:3100: gcc -g -O0   conftest.c  >&5
configure:3104: $? = 0
configure:3142: result: a.out
configure:3161: checking whether the C compiler works
configure:3171: ./a.out
configure:3175: $? = 0
configure:3194: result: yes
configure:3201: checking whether we are cross compiling
configure:3203: result: no
configure:3206: checking for suffix of executables
configure:3213: gcc -o conftest -g -O0   conftest.c  >&5
configure:3217: $? = 0
configure:3243: result: 
configure:3249: checking for suffix of object files
configure:3275: gcc -c -g -O0  conftest.c >&5
configure:3279: $? = 0
configure:3304: result: o
configure:3308: checking whether we are using the GNU C compiler
configure:3337: gcc -c -g -O0  conftest.c >&5
configure:3344: $? = 0
configure:3361: result: yes
configure:3370: checking whether gcc accepts -g
configure:3400: gcc -c -g  conftest.c >&5
configure:3407: $? = 0
configure:3508: result: yes
configure:3525: checking for gcc option to accept ISO C89
configure:3599: gcc  -c -g -O0  conftest.c >&5
configure:3606: $? = 0
configure:3629: result: none needed
configure:3658: checking for style of include used by make
configure:3686: result: GNU
configure:3711: checking dependency style of gcc
configure:3802: result: gcc3
configure:3818: checking for an ANSI C-conforming const
configure:3893: gcc -c -g -O0  conftest.c >&5
configure:3900: $? = 0
configure:3915: result: yes
configure:3925: checking for inline
configure:3951: gcc -c -g -O0  conftest.c >&5
configure:3958: $? = 0
configure:3976: result: inline
configure:4026: checking build system type
configure:4044: result: x86_64-unknown-linux-gnu
configure:4066: checking host system type
configure:4081: result: x86_64-unknown-linux-gnu
configure:4103: checking for a sed that does not truncate output
configure:4169: result: /bin/sed
configure:4187: checking for grep that handles long lines and -e
configure:4247: result: /bin/grep
configure:4252: checking for egrep
configure:4316: result: /bin/grep -E
configure:4321: checking for fgrep
configure:4385: result: /bin/grep -F
configure:4420: checking for ld used by gcc
configure:4487: result: /usr/bin/ld
configure:4496: checking if the linker (/usr/bin/ld) is GNU ld
configure:4511: result: yes
configure:4523: checking for BSD- or MS-compatible name lister (nm)
configure:4572: result: /usr/bin/nm -B
configure:4690: checking the name lister (/usr/bin/nm -B) interface
configure:4697: gcc -c -g -O0  conftest.c >&5
configure:4700: /usr/bin/nm -B "conftest.o"
configure:4703: output
0000000000000000 B some_variable
configure:4710: result: BSD nm
configure:4713: checking whether ln -s works
configure:4717: result: yes
configure:4725: checking the maximum length of command line arguments
configure:4845: result: 1572864
configure:4862: checking whether the shell understands some XSI constructs
configure:4872: result: yes
configure:4876: checking whether the shell understands "+="
configure:4882: result: yes
configure:4917: checking for /usr/bin/ld option to reload object files
configure:4924: result: -r
configure:4993: checking for objdump
configure:5009: found /usr/bin/objdump
configure:5020: result: objdump
configure:5052: checking how to recognize dependent libraries
configure:5248: result: pass_all
configure:5308: checking for ar
configure:5324: found /usr/bin/ar
configure:5335: result: ar
configure:5413: checking for strip
configure:5429: found /usr/bin/strip
configure:5440: result: strip
configure:5512: checking for ranlib
configure:5528: found /usr/bin/ranlib
configure:5539: result: ranlib
configure:5629: checking command to parse /usr/bin/nm -B output from gcc object
configure:5747: gcc -c -g -O0  conftest.c >&5
configure:5750: $? = 0
configure:5754: /usr/bin/nm -B conftest.o \| sed -n -e 's/^.*[	 ]\([ABCDGIRSTW][ABCDGIRSTW]*\)[	 ][	 ]*\([_A-Za-z][_A-Za-z0-9]*\)$/\1 \2 \2/p' \> conftest.nm
configure:5757: $? = 0
configure:5811: gcc -o conftest -g -O0   conftest.c conftstm.o >&5
configure:5814: $? = 0
configure:5852: result: ok
configure:5947: gcc -c -g -O0  conftest.c >&5
configure:5950: $? = 0
configure:6718: checking how to run the C preprocessor
configure:6758: gcc -E  conftest.c
configure:6765: $? = 0
configure:6796: gcc -E  conftest.c
conftest.c:10:28: fatal error: ac_nonexistent.h: No such file or directory
 #include <ac_nonexistent.h>
                            ^
compilation terminated.
configure:6803: $? = 1
configure: failed program was:
| /* confdefs.h.  */
| #define PACKAGE_NAME "EXIF library"
| #define PACKAGE_TARNAME "libexif"
| #define PACKAGE_VERSION "0.6.18"
| #define PACKAGE_STRING "EXIF library 0.6.18"
| #define PACKAGE_BUGREPORT "libexif-devel@lists.sourceforge.net"
| #define PACKAGE "libexif"
| #define VERSION "0.6.18"
| /* end confdefs.h.  */
| #include <ac_nonexistent.h>
configure:6836: result: gcc -E
configure:6865: gcc -E  conftest.c
configure:6872: $? = 0
configure:6903: gcc -E  conftest.c
conftest.c:10:28: fatal error: ac_nonexistent.h: No such file or directory
 #include <ac_nonexistent.h>
                            ^
compilation terminated.
configure:6910: $? = 1
configure: failed program was:
| /* confdefs.h.  */
| #define PACKAGE_NAME "EXIF library"
| #define PACKAGE_TARNAME "libexif"
| #define PACKAGE_VERSION "0.6.18"
| #define PACKAGE_STRING "EXIF library 0.6.18"
| #define PACKAGE_BUGREPORT "libexif-devel@lists.sourceforge.net"
| #define PACKAGE "libexif"
| #define VERSION "0.6.18"
| /* end confdefs.h.  */
| #include <ac_nonexistent.h>
configure:6950: checking for ANSI C header files
configure:6980: gcc -c -g -O0  conftest.c >&5
configure:6987: $? = 0
configure:7086: gcc -o conftest -g -O0   conftest.c  >&5
configure:7090: $? = 0
configure:7096: ./conftest
configure:7100: $? = 0
configure:7118: result: yes
configure:7142: checking for sys/types.h
configure:7163: gcc -c -g -O0  conftest.c >&5
configure:7170: $? = 0
configure:7187: result: yes
configure:7142: checking for sys/stat.h
configure:7163: gcc -c -g -O0  conftest.c >&5
configure:7170: $? = 0
configure:7187: result: yes
configure:7142: checking for stdlib.h
configure:7163: gcc -c -g -O0  conftest.c >&5
configure:7170: $? = 0
configure:7187: result: yes
configure:7142: checking for string.h
configure:7163: gcc -c -g -O0  conftest.c >&5
configure:7170: $? = 0
configure:7187: result: yes
configure:7142: checking for memory.h
configure:7163: gcc -c -g -O0  conftest.c >&5
configure:7170: $? = 0
configure:7187: result: yes
configure:7142: checking for strings.h
configure:7163: gcc -c -g -O0  conftest.c >&5
configure:7170: $? = 0
configure:7187: result: yes
configure:7142: checking for inttypes.h
configure:7163: gcc -c -g -O0  conftest.c >&5
configure:7170: $? = 0
configure:7187: result: yes
configure:7142: checking for stdint.h
configure:7163: gcc -c -g -O0  conftest.c >&5
configure:7170: $? = 0
configure:7187: result: yes
configure:7142: checking for unistd.h
configure:7163: gcc -c -g -O0  conftest.c >&5
configure:7170: $? = 0
configure:7187: result: yes
configure:7205: checking for dlfcn.h
configure:7226: gcc -c -g -O0  conftest.c >&5
configure:7233: $? = 0
configure:7250: result: yes
configure:7436: checking for objdir
configure:7451: result: .libs
configure:7747: checking if gcc supports -fno-rtti -fno-exceptions
configure:7765: gcc -c -g -O0  -fno-rtti -fno-exceptions conftest.c >&5
cc1: warning: command line option '-fno-rtti' is valid for C++/ObjC++ but not for C [enabled by default]
configure:7769: $? = 0
configure:7782: result: no
configure:7802: checking for gcc option to produce PIC
configure:8074: result: -fPIC -DPIC
configure:8086: checking if gcc PIC flag -fPIC -DPIC works
configure:8104: gcc -c -g -O0  -fPIC -DPIC -DPIC conftest.c >&5
configure:8108: $? = 0
configure:8121: result: yes
configure:8145: checking if gcc static flag -static works
configure:8173: result: yes
configure:8188: checking if gcc supports -c -o file.o
configure:8209: gcc -c -g -O0  -o out/conftest2.o conftest.c >&5
configure:8213: $? = 0
configure:8235: result: yes
configure:8243: checking if gcc supports -c -o file.o
configure:8290: result: yes
configure:8323: checking whether the gcc linker (/usr/bin/ld -m elf_x86_64) supports shared libraries
configure:9398: result: yes
configure:9435: checking whether -lc should be explicitly linked in
configure:9440: gcc -c -g -O0  conftest.c >&5
configure:9443: $? = 0
configure:9458: gcc -shared conftest.o  -v -Wl,-soname -Wl,conftest -o conftest 2\>\&1 \| /bin/grep  -lc  \>/dev/null 2\>\&1
configure:9461: $? = 0
configure:9473: result: no
configure:9637: checking dynamic linker characteristics
configure:10080: gcc -o conftest -g -O0   -Wl,-rpath -Wl,/foo conftest.c  >&5
configure:10087: $? = 0
configure:10122: gcc -c -g -O0  conftest.c >&5
configure:10125: $? = 0
configure:10342: result: GNU/Linux ld.so
configure:10444: checking how to hardcode library paths into programs
configure:10469: result: immediate
configure:11302: checking whether stripping libraries is possible
configure:11307: result: yes
configure:11342: checking if libtool supports shared libraries
configure:11344: result: yes
configure:11347: checking whether to build shared libraries
configure:11368: result: yes
configure:11371: checking whether to build static libraries
configure:11375: result: no
configure:11430: checking for uint8_t in stdint.h
configure:11447: result: yes
configure:11632: checking for math functions in libm
configure:11650: gcc -o conftest -g -O0   conftest.c  -lm >&5
configure:11657: $? = 0
configure:11665: result: yes
configure:11736: checking whether to build any docs
configure:11749: result: yes
configure:11770: checking main docdir
configure:11782: result: ${prefix}/share/doc (FHS style)
configure:11794: checking package docdir
configure:11805: result: ${prefix}/share/doc/libexif (default style)
configure:11814: checking for dot
configure:11832: found /usr/bin/dot
configure:11845: result: /usr/bin/dot
configure:11855: checking for doxygen
configure:11886: result: false
configure:11946: checking whether to create internal code docs
configure:11948: result: no
configure:11978: checking whether NLS is requested
configure:11987: result: yes
configure:12025: checking for msgfmt
configure:12056: result: /usr/bin/msgfmt
configure:12065: checking for gmsgfmt
configure:12096: result: /usr/bin/msgfmt
configure:12136: checking for xgettext
configure:12167: result: /usr/bin/xgettext
configure:12207: checking for msgmerge
configure:12237: result: /usr/bin/msgmerge
configure:12284: checking for po/Makevars requiring hack
configure:12291: result: no
configure:12336: checking for ld used by GCC
configure:12400: result: /usr/bin/ld -m elf_x86_64
configure:12409: checking if the linker (/usr/bin/ld -m elf_x86_64) is GNU ld
configure:12422: result: yes
configure:12428: checking for shared library run path origin
configure:12441: result: done
configure:12857: checking whether NLS is requested
configure:12866: result: yes
configure:12884: checking for GNU gettext in libc
configure:12913: gcc -o conftest -g -O0   conftest.c  -lm >&5
conftest.c: In function 'main':
conftest.c:29:8: warning: cast from pointer to integer of different size [-Wpointer-to-int-cast]
 return (int) gettext ("") + _nl_msg_cat_cntr + *_nl_domain_bindings
        ^
configure:12920: $? = 0
configure:12940: result: yes
configure:13646: checking whether to use NLS
configure:13648: result: yes
configure:13651: checking where the gettext function comes from
configure:13662: result: libc
configure:13753: checking for iconv
configure:13785: gcc -o conftest -g -O0   conftest.c  -lm >&5
configure:13792: $? = 0
configure:13869: result: yes
configure:13892: checking for iconv declaration
configure:13931: gcc -c -g -O0  conftest.c >&5
configure:13938: $? = 0
configure:13957: result: 
         extern size_t iconv (iconv_t cd, char * *inbuf, size_t *inbytesleft, char * *outbuf, size_t *outbytesleft);
configure:14005: checking for localtime_r
configure:14061: gcc -o conftest -g -O0   conftest.c  -lm >&5
configure:14068: $? = 0
configure:14090: result: yes
configure:14279: creating ./config.status

## ---------------------- ##
## Running config.status. ##
## ---------------------- ##

This file was extended by EXIF library config.status 0.6.18, which was
generated by GNU Autoconf 2.63.  Invocation command line was

  CONFIG_FILES    = 
  CONFIG_HEADERS  = 
  CONFIG_LINKS    = 
  CONFIG_COMMANDS = 
  $ ./config.status 

on ubuntubox

config.status:1049: creating po/Makefile.in
config.status:1201: WARNING:  'po/Makefile.in.in' seems to ignore the --datarootdir setting
config.status:1049: creating Makefile
config.status:1049: creating libexif.spec
config.status:1049: creating libexif/Makefile
config.status:1049: creating test/Makefile
config.status:1049: creating test/nls/Makefile
config.status:1049: creating m4m/Makefile
config.status:1049: creating doc/Makefile
config.status:1049: creating doc/Doxyfile
config.status:1049: creating doc/Doxyfile-internals
config.status:1049: creating libexif.pc
config.status:1049: creating libexif-uninstalled.pc
config.status:1049: creating binary/Makefile
config.status:1049: creating contrib/Makefile
config.status:1049: creating contrib/examples/Makefile
config.status:1049: creating config.h
config.status:1271: config.h is unchanged
config.status:1323: executing depfiles commands
config.status:1323: executing libtool commands
config.status:1323: executing default-1 commands

## ---------------- ##
## Cache variables. ##
## ---------------- ##

ac_cv_build=x86_64-unknown-linux-gnu
ac_cv_c_compiler_gnu=yes
ac_cv_c_const=yes
ac_cv_c_inline=inline
ac_cv_env_CC_set=
ac_cv_env_CC_value=
ac_cv_env_CFLAGS_set=set
ac_cv_env_CFLAGS_value='-g -O0'
ac_cv_env_CPPFLAGS_set=
ac_cv_env_CPPFLAGS_value=
ac_cv_env_CPP_set=
ac_cv_env_CPP_value=
ac_cv_env_LDFLAGS_set=
ac_cv_env_LDFLAGS_value=
ac_cv_env_LIBS_set=
ac_cv_env_LIBS_value=
ac_cv_env_build_alias_set=
ac_cv_env_build_alias_value=
ac_cv_env_host_alias_set=
ac_cv_env_host_alias_value=
ac_cv_env_target_alias_set=
ac_cv_env_target_alias_value=
ac_cv_func_localtime_r=yes
ac_cv_header_dlfcn_h=yes
ac_cv_header_inttypes_h=yes
ac_cv_header_memory_h=yes
ac_cv_header_stdc=yes
ac_cv_header_stdint_h=yes
ac_cv_header_stdlib_h=yes
ac_cv_header_string_h=yes
ac_cv_header_strings_h=yes
ac_cv_header_sys_stat_h=yes
ac_cv_header_sys_types_h=yes
ac_cv_header_unistd_h=yes
ac_cv_host=x86_64-unknown-linux-gnu
ac_cv_objext=o
ac_cv_path_DOT=/usr/bin/dot
ac_cv_path_DOXYGEN=false
ac_cv_path_EGREP='/bin/grep -E'
ac_cv_path_FGREP='/bin/grep -F'
ac_cv_path_GMSGFMT=/usr/bin/msgfmt
ac_cv_path_GREP=/bin/grep
ac_cv_path_MSGFMT=/usr/bin/msgfmt
ac_cv_path_MSGMERGE=/usr/bin/msgmerge
ac_cv_path_SED=/bin/sed
ac_cv_path_XGETTEXT=/usr/bin/xgettext
ac_cv_path_install='/usr/bin/install -c'
ac_cv_path_mkdir=/bin/mkdir
ac_cv_prog_AWK=mawk
ac_cv_prog_CPP='gcc -E'
ac_cv_prog_ac_ct_AR=ar
ac_cv_prog_ac_ct_CC=gcc
ac_cv_prog_ac_ct_OBJDUMP=objdump
ac_cv_prog_ac_ct_RANLIB=ranlib
ac_cv_prog_ac_ct_STRIP=strip
ac_cv_prog_cc_c89=
ac_cv_prog_cc_g=yes
ac_cv_prog_make_make_set=yes
ac_cv_type_uint8_t=yes
acl_cv_hardcode_direct=no
acl_cv_hardcode_libdir_flag_spec='${wl}-rpath ${wl}$libdir'
acl_cv_hardcode_libdir_separator=
acl_cv_hardcode_minus_L=no
acl_cv_libext=a
acl_cv_path_LD='/usr/bin/ld -m elf_x86_64'
acl_cv_prog_gnu_ld=yes
acl_cv_rpath=done
acl_cv_shlibext=so
acl_cv_wl=-Wl,
am_cv_CC_dependencies_compiler_type=gcc3
am_cv_func_iconv=yes
am_cv_lib_iconv=no
am_cv_proto_iconv='extern size_t iconv (iconv_t cd, char * *inbuf, size_t *inbytesleft, char * *outbuf, size_t *outbytesleft);'
am_cv_proto_iconv_arg1=
gt_cv_func_gnugettext1_libc=yes
lt_cv_deplibs_check_method=pass_all
lt_cv_file_magic_cmd='$MAGIC_CMD'
lt_cv_file_magic_test_file=
lt_cv_ld_reload_flag=-r
lt_cv_nm_interface='BSD nm'
lt_cv_objdir=.libs
lt_cv_path_LD=/usr/bin/ld
lt_cv_path_NM='/usr/bin/nm -B'
lt_cv_prog_compiler_c_o=yes
lt_cv_prog_compiler_pic_works=yes
lt_cv_prog_compiler_rtti_exceptions=no
lt_cv_prog_compiler_static_works=yes
lt_cv_prog_gnu_ld=yes
lt_cv_sys_global_symbol_pipe='sed -n -e '\''s/^.*[	 ]\([ABCDGIRSTW][ABCDGIRSTW]*\)[	 ][	 ]*\([_A-Za-z][_A-Za-z0-9]*\)$/\1 \2 \2/p'\'''
lt_cv_sys_global_symbol_to_c_name_address='sed -n -e '\''s/^: \([^ ]*\) $/  {\"\1\", (void *) 0},/p'\'' -e '\''s/^[ABCDGIRSTW]* \([^ ]*\) \([^ ]*\)$/  {"\2", (void *) \&\2},/p'\'''
lt_cv_sys_global_symbol_to_c_name_address_lib_prefix='sed -n -e '\''s/^: \([^ ]*\) $/  {\"\1\", (void *) 0},/p'\'' -e '\''s/^[ABCDGIRSTW]* \([^ ]*\) \(lib[^ ]*\)$/  {"\2", (void *) \&\2},/p'\'' -e '\''s/^[ABCDGIRSTW]* \([^ ]*\) \([^ ]*\)$/  {"lib\2", (void *) \&\2},/p'\'''
lt_cv_sys_global_symbol_to_cdecl='sed -n -e '\''s/^T .* \(.*\)$/extern int \1();/p'\'' -e '\''s/^[ABCDGIRSTW]* .* \(.*\)$/extern char \1;/p'\'''
lt_cv_sys_max_cmd_len=1572864

## ----------------- ##
## Output variables. ##
## ----------------- ##

ACLOCAL='${SHELL} /home/user/m/exif/github_libexif/missing --run aclocal-1.10'
AMDEPBACKSLASH='\'
AMDEP_FALSE='#'
AMDEP_TRUE=''
AMTAR='${SHELL} /home/user/m/exif/github_libexif/missing --run tar'
AM_CPPFLAGS=' -DGETTEXT_PACKAGE=\"libexif-12\" -DLOCALEDIR=\"$(datadir)/locale\" -I$(top_srcdir) -I$(top_builddir) -g -Wall -Wmissing-declarations -Wmissing-prototypes'
AM_LDFLAGS=' -g -Wall'
AR='ar'
AUTOCONF='${SHELL} /home/user/m/exif/github_libexif/missing --run autoconf'
AUTOHEADER='${SHELL} /home/user/m/exif/github_libexif/missing --run autoheader'
AUTOMAKE='${SHELL} /home/user/m/exif/github_libexif/missing --run automake-1.10'
AWK='mawk'
BUILD_DOCS_FALSE='#'
BUILD_DOCS_TRUE=''
CC='gcc'
CCDEPMODE='depmode=gcc3'
CFLAGS='-g -O0'
CPP='gcc -E'
CPPFLAGS=''
CYGPATH_W='echo'
DEFS='-DHAVE_CONFIG_H'
DEPDIR='.deps'
DOT='/usr/bin/dot'
DOXYGEN='false'
DOXYGEN_OUTPUT_DIR='doxygen-output'
DSYMUTIL=''
DUMPBIN=''
ECHO_C=''
ECHO_N='-n'
ECHO_T=''
EGREP='/bin/grep -E'
ENABLE_INTERNAL_DOCS_FALSE=''
ENABLE_INTERNAL_DOCS_TRUE='#'
EXEEXT=''
FGREP='/bin/grep -F'
GETTEXT_PACKAGE='libexif-12'
GMSGFMT='/usr/bin/msgfmt'
GREP='/bin/grep'
HAVE_DOT='YES'
HAVE_DOT_FALSE='#'
HAVE_DOT_TRUE=''
HAVE_DOXYGEN_FALSE=''
HAVE_DOXYGEN_TRUE='#'
HTML_APIDOC_DIR='libexif-api.html'
HTML_APIDOC_INTERNALS_DIR='libexif-internals.html'
INSTALL_DATA='${INSTALL} -m 644'
INSTALL_PROGRAM='${INSTALL}'
INSTALL_SCRIPT='${INSTALL}'
INSTALL_STRIP_PROGRAM='$(install_sh) -c -s'
INTLLIBS=''
LD='/usr/bin/ld -m elf_x86_64'
LDFLAGS=''
LIBEXIF_AGE='3'
LIBEXIF_CURRENT='15'
LIBEXIF_CURRENT_MIN='12'
LIBEXIF_REVISION='0'
LIBEXIF_VERSION_INFO='15:0:3'
LIBICONV=''
LIBINTL=''
LIBOBJS=''
LIBS=' -lm'
LIBTOOL='$(SHELL) $(top_builddir)/libtool'
LIPO=''
LN_S='ln -s'
LTLIBICONV=''
LTLIBINTL=''
LTLIBOBJS=''
MAINT='#'
MAINTAINER_MODE_FALSE=''
MAINTAINER_MODE_TRUE='#'
MAKEINFO='${SHELL} /home/user/m/exif/github_libexif/missing --run makeinfo'
MKDIR_P='/bin/mkdir -p'
MKINSTALLDIRS='$(top_builddir)/./mkinstalldirs'
MSGFMT='/usr/bin/msgfmt'
MSGMERGE='/usr/bin/msgmerge'
NM='/usr/bin/nm -B'
NMEDIT=''
OBJDUMP='objdump'
OBJEXT='o'
OTOOL64=''
OTOOL=''
PACKAGE='libexif'
PACKAGE_BUGREPORT='libexif-devel@lists.sourceforge.net'
PACKAGE_NAME='EXIF library'
PACKAGE_STRING='EXIF library 0.6.18'
PACKAGE_TARNAME='libexif'
PACKAGE_VERSION='0.6.18'
PATH_SEPARATOR=':'
POSUB='po'
RANLIB='ranlib'
SED='/bin/sed'
SET_MAKE=''
SHELL='/bin/bash'
SHIP_BINARIES_FALSE=''
SHIP_BINARIES_TRUE='#'
STRIP='strip'
USE_NLS='yes'
VERSION='0.6.18'
XGETTEXT='/usr/bin/xgettext'
ac_ct_CC='gcc'
ac_ct_DUMPBIN=''
am__fastdepCC_FALSE='#'
am__fastdepCC_TRUE=''
am__include='include'
am__isrc=''
am__leading_dot='.'
am__quote=''
am__tar='${AMTAR} chof - "$$tardir"'
am__untar='${AMTAR} xf -'
bindir='${exec_prefix}/bin'
build='x86_64-unknown-linux-gnu'
build_alias=''
build_cpu='x86_64'
build_os='linux-gnu'
build_vendor='unknown'
datadir='${datarootdir}'
datarootdir='${prefix}/share'
docdir='${prefix}/share/doc/libexif'
dvidir='${docdir}'
exec_prefix='${prefix}'
host='x86_64-unknown-linux-gnu'
host_alias=''
host_cpu='x86_64'
host_os='linux-gnu'
host_vendor='unknown'
htmldir='${docdir}'
includedir='${prefix}/include'
infodir='${datarootdir}/info'
install_sh='$(SHELL) /home/user/m/exif/github_libexif/install-sh'
libdir='${exec_prefix}/lib'
libexecdir='${exec_prefix}/libexec'
localedir='$(datadir)/locale'
localstatedir='${prefix}/var'
lt_ECHO='echo'
mandir='${datarootdir}/man'
mkdir_p='/bin/mkdir -p'
oldincludedir='/usr/include'
pdfdir='${docdir}'
prefix='/home/user/m/exif/github_libexif/install'
program_transform_name='s,x,x,'
psdir='${docdir}'
sbindir='${exec_prefix}/sbin'
sharedstatedir='${prefix}/com'
sysconfdir='${prefix}/etc'
target_alias=''

## ----------- ##
## confdefs.h. ##
## ----------- ##

#define PACKAGE_NAME "EXIF library"
#define PACKAGE_TARNAME "libexif"
#define PACKAGE_VERSION "0.6.18"
#define PACKAGE_STRING "EXIF library 0.6.18"
#define PACKAGE_BUGREPORT "libexif-devel@lists.sourceforge.net"
#define PACKAGE "libexif"
#define VERSION "0.6.18"
#define STDC_HEADERS 1
#define HAVE_SYS_TYPES_H 1
#define HAVE_SYS_STAT_H 1
#define HAVE_STDLIB_H 1
#define HAVE_STRING_H 1
#define HAVE_MEMORY_H 1
#define HAVE_STRINGS_H 1
#define HAVE_INTTYPES_H 1
#define HAVE_STDINT_H 1
#define HAVE_UNISTD_H 1
#define HAVE_DLFCN_H 1
#define LT_OBJDIR ".libs/"
#define ENABLE_NLS 1
#define HAVE_GETTEXT 1
#define HAVE_DCGETTEXT 1
#define HAVE_ICONV 1
#define ICONV_CONST 
#define HAVE_LOCALTIME_R 1

configure: exit 0
